This is pdfTeX, Version 3.14159265-2.6-1.40.21 (MiKTeX 20.6.29) (preloaded format=pdflatex 2020.9.19)  23 SEP 2020 22:13
entering extended mode
**./Lab1shaun.tex
(Lab1shaun.tex
LaTeX2e <2020-02-02> patch level 5
L3 programming layer <2020-06-18>
(C:\Users\shaun\AppData\Local\Programs\MiKTeX\tex/latex/base\article.cls
Document Class: article 2019/12/20 v1.4l Standard LaTeX document class
(C:\Users\shaun\AppData\Local\Programs\MiKTeX\tex/latex/base\size12.clo
File: size12.clo 2019/12/20 v1.4l Standard LaTeX file (size option)
)
\c@part=\count167
\c@section=\count168
\c@subsection=\count169
\c@subsubsection=\count170
\c@paragraph=\count171
\c@subparagraph=\count172
\c@figure=\count173
\c@table=\count174
\abovecaptionskip=\skip47
\belowcaptionskip=\skip48
\bibindent=\dimen134
)
(C:\Users\shaun\AppData\Local\Programs\MiKTeX\tex/latex/graphics\graphicx.sty
Package: graphicx 2019/11/30 v1.2a Enhanced LaTeX Graphics (DPC,SPQR)

(C:\Users\shaun\AppData\Local\Programs\MiKTeX\tex/latex/graphics\keyval.sty
Package: keyval 2014/10/28 v1.15 key=value parser (DPC)
\KV@toks@=\toks15
)
(C:\Users\shaun\AppData\Local\Programs\MiKTeX\tex/latex/graphics\graphics.sty
Package: graphics 2019/11/30 v1.4a Standard LaTeX Graphics (DPC,SPQR)

(C:\Users\shaun\AppData\Local\Programs\MiKTeX\tex/latex/graphics\trig.sty
Package: trig 2016/01/03 v1.10 sin cos tan (DPC)
)
(C:\Users\shaun\AppData\Local\Programs\MiKTeX\tex/latex/graphics-cfg\graphics.c
fg
File: graphics.cfg 2016/06/04 v1.11 sample graphics configuration
)
Package graphics Info: Driver file: pdftex.def on input line 105.

(C:\Users\shaun\AppData\Local\Programs\MiKTeX\tex/latex/graphics-def\pdftex.def
File: pdftex.def 2018/01/08 v1.0l Graphics/color driver for pdftex
))
\Gin@req@height=\dimen135
\Gin@req@width=\dimen136
) (C:\Users\shaun\AppData\Local\Programs\MiKTeX\tex/latex/amsmath\amsmath.sty
Package: amsmath 2020/01/20 v2.17e AMS math features
\@mathmargin=\skip49
For additional information on amsmath, use the `?' option.
(C:\Users\shaun\AppData\Local\Programs\MiKTeX\tex/latex/amsmath\amstext.sty
Package: amstext 2000/06/29 v2.01 AMS text

(C:\Users\shaun\AppData\Local\Programs\MiKTeX\tex/latex/amsmath\amsgen.sty
File: amsgen.sty 1999/11/30 v2.0 generic functions
\@emptytoks=\toks16
\ex@=\dimen137
))
(C:\Users\shaun\AppData\Local\Programs\MiKTeX\tex/latex/amsmath\amsbsy.sty
Package: amsbsy 1999/11/29 v1.2d Bold Symbols
\pmbraise@=\dimen138
)
(C:\Users\shaun\AppData\Local\Programs\MiKTeX\tex/latex/amsmath\amsopn.sty
Package: amsopn 2016/03/08 v2.02 operator names
)
\inf@bad=\count175
LaTeX Info: Redefining \frac on input line 227.
\uproot@=\count176
\leftroot@=\count177
LaTeX Info: Redefining \overline on input line 389.
\classnum@=\count178
\DOTSCASE@=\count179
LaTeX Info: Redefining \ldots on input line 486.
LaTeX Info: Redefining \dots on input line 489.
LaTeX Info: Redefining \cdots on input line 610.
\Mathstrutbox@=\box45
\strutbox@=\box46
\big@size=\dimen139
LaTeX Font Info:    Redeclaring font encoding OML on input line 733.
LaTeX Font Info:    Redeclaring font encoding OMS on input line 734.
\macc@depth=\count180
\c@MaxMatrixCols=\count181
\dotsspace@=\muskip16
\c@parentequation=\count182
\dspbrk@lvl=\count183
\tag@help=\toks17
\row@=\count184
\column@=\count185
\maxfields@=\count186
\andhelp@=\toks18
\eqnshift@=\dimen140
\alignsep@=\dimen141
\tagshift@=\dimen142
\tagwidth@=\dimen143
\totwidth@=\dimen144
\lineht@=\dimen145
\@envbody=\toks19
\multlinegap=\skip50
\multlinetaggap=\skip51
\mathdisplay@stack=\toks20
LaTeX Info: Redefining \[ on input line 2859.
LaTeX Info: Redefining \] on input line 2860.
)
(C:\Users\shaun\AppData\Local\Programs\MiKTeX\tex/latex/matlab-prettifier\matla
b-prettifier.sty
Package: matlab-prettifier 2014/06/19 v0.3 A package for prettyprinting Matlab 
source code

(C:\Users\shaun\AppData\Local\Programs\MiKTeX\tex/latex/base\textcomp.sty
Package: textcomp 2020/02/02 v2.0n Standard LaTeX package
)
(C:\Users\shaun\AppData\Local\Programs\MiKTeX\tex/latex/xcolor\xcolor.sty
Package: xcolor 2016/05/11 v2.12 LaTeX color extensions (UK)

(C:\Users\shaun\AppData\Local\Programs\MiKTeX\tex/latex/graphics-cfg\color.cfg
File: color.cfg 2016/01/02 v1.6 sample color configuration
)
Package xcolor Info: Driver file: pdftex.def on input line 225.
Package xcolor Info: Model `cmy' substituted by `cmy0' on input line 1348.
Package xcolor Info: Model `hsb' substituted by `rgb' on input line 1352.
Package xcolor Info: Model `RGB' extended on input line 1364.
Package xcolor Info: Model `HTML' substituted by `rgb' on input line 1366.
Package xcolor Info: Model `Hsb' substituted by `hsb' on input line 1367.
Package xcolor Info: Model `tHsb' substituted by `hsb' on input line 1368.
Package xcolor Info: Model `HSB' substituted by `hsb' on input line 1369.
Package xcolor Info: Model `Gray' substituted by `gray' on input line 1370.
Package xcolor Info: Model `wave' substituted by `hsb' on input line 1371.
) (C:\Users\shaun\AppData\Local\Programs\MiKTeX\tex/latex/listings\listings.sty
\lst@mode=\count187
\lst@gtempboxa=\box47
\lst@token=\toks21
\lst@length=\count188
\lst@currlwidth=\dimen146
\lst@column=\count189
\lst@pos=\count190
\lst@lostspace=\dimen147
\lst@width=\dimen148
\lst@newlines=\count191
\lst@lineno=\count192
\lst@maxwidth=\dimen149
(C:\Users\shaun\AppData\Local\Programs\MiKTeX\tex/latex/listings\lstmisc.sty
File: lstmisc.sty 2020/03/24 1.8d (Carsten Heinz)
\c@lstnumber=\count193
\lst@skipnumbers=\count194
\lst@framebox=\box48
)
(C:\Users\shaun\AppData\Local\Programs\MiKTeX\tex/latex/listings\listings.cfg
File: listings.cfg 2020/03/24 1.8d listings configuration
))
Package: listings 2020/03/24 1.8d (Carsten Heinz)
\netBracketCount@mlpr=\count195
\blkLvl@mlpr=\count196
\blkLvlAtClassdef@mlpr=\count197
\emHeight@mlpr=\skip52
\jayDepth@mlpr=\skip53
\sectionRuleOffset@mlpr=\skip54
\toks@mlpr=\toks22
) (C:\Users\shaun\AppData\Local\Programs\MiKTeX\tex/latex/pdfpages\pdfpages.sty
Package: pdfpages 2020/01/28 v0.5q Insert pages of external PDF documents (AM)
(C:\Users\shaun\AppData\Local\Programs\MiKTeX\tex/latex/base\ifthen.sty
Package: ifthen 2014/09/29 v1.1c Standard LaTeX ifthen package (DPC)
)
(C:\Users\shaun\AppData\Local\Programs\MiKTeX\tex/latex/tools\calc.sty
Package: calc 2017/05/25 v4.3 Infix arithmetic (KKT,FJ)
\calc@Acount=\count198
\calc@Bcount=\count199
\calc@Adimen=\dimen150
\calc@Bdimen=\dimen151
\calc@Askip=\skip55
\calc@Bskip=\skip56
LaTeX Info: Redefining \setlength on input line 80.
LaTeX Info: Redefining \addtolength on input line 81.
\calc@Ccount=\count266
\calc@Cskip=\skip57
)
(C:\Users\shaun\AppData\Local\Programs\MiKTeX\tex/latex/eso-pic\eso-pic.sty
Package: eso-pic 2018/04/12 v2.0h eso-pic (RN)

(C:\Users\shaun\AppData\Local\Programs\MiKTeX\tex/generic/atbegshi\atbegshi.sty
Package: atbegshi 2019/12/05 v1.19 At begin shipout hook (HO)

(C:\Users\shaun\AppData\Local\Programs\MiKTeX\tex/generic/infwarerr\infwarerr.s
ty
Package: infwarerr 2019/12/03 v1.5 Providing info/warning/error messages (HO)
)
(C:\Users\shaun\AppData\Local\Programs\MiKTeX\tex/generic/ltxcmds\ltxcmds.sty
Package: ltxcmds 2019/12/15 v1.24 LaTeX kernel commands for general use (HO)
)
(C:\Users\shaun\AppData\Local\Programs\MiKTeX\tex/generic/iftex\iftex.sty
Package: iftex 2020/03/06 v1.0d TeX engine tests
)))
\AM@pagewidth=\dimen152
\AM@pageheight=\dimen153

(C:\Users\shaun\AppData\Local\Programs\MiKTeX\tex/latex/pdfpages\pppdftex.def
File: pppdftex.def 2020/01/28 v0.5q Pdfpages driver for pdfTeX (AM)
)
\AM@pagebox=\box49
\AM@global@opts=\toks23
\AM@pagecnt=\count267
\AM@toc@title=\toks24
\c@AM@survey=\count268
\AM@templatesizebox=\box50
)
(C:\Users\shaun\AppData\Local\Programs\MiKTeX\tex/latex/l3backend\l3backend-pdf
mode.def
File: l3backend-pdfmode.def 2020-06-29 L3 backend support: PDF mode
\l__kernel_color_stack_int=\count269
\l__pdf_internal_box=\box51
) (Lab1shaun.aux)
\openout1 = `Lab1shaun.aux'.

LaTeX Font Info:    Checking defaults for OML/cmm/m/it on input line 6.
LaTeX Font Info:    ... okay on input line 6.
LaTeX Font Info:    Checking defaults for OMS/cmsy/m/n on input line 6.
LaTeX Font Info:    ... okay on input line 6.
LaTeX Font Info:    Checking defaults for OT1/cmr/m/n on input line 6.
LaTeX Font Info:    ... okay on input line 6.
LaTeX Font Info:    Checking defaults for T1/cmr/m/n on input line 6.
LaTeX Font Info:    ... okay on input line 6.
LaTeX Font Info:    Checking defaults for TS1/cmr/m/n on input line 6.
LaTeX Font Info:    ... okay on input line 6.
LaTeX Font Info:    Checking defaults for OMX/cmex/m/n on input line 6.
LaTeX Font Info:    ... okay on input line 6.
LaTeX Font Info:    Checking defaults for U/cmr/m/n on input line 6.
LaTeX Font Info:    ... okay on input line 6.

(C:\Users\shaun\AppData\Local\Programs\MiKTeX\tex/context/base/mkii\supp-pdf.mk
ii
[Loading MPS to PDF converter (version 2006.09.02).]
\scratchcounter=\count270
\scratchdimen=\dimen154
\scratchbox=\box52
\nofMPsegments=\count271
\nofMParguments=\count272
\everyMPshowfont=\toks25
\MPscratchCnt=\count273
\MPscratchDim=\dimen155
\MPnumerator=\count274
\makeMPintoPDFobject=\count275
\everyMPtoPDFconversion=\toks26
)
(C:\Users\shaun\AppData\Local\Programs\MiKTeX\tex/latex/epstopdf-pkg\epstopdf-b
ase.sty
Package: epstopdf-base 2020-01-24 v2.11 Base part for package epstopdf
Package epstopdf-base Info: Redefining graphics rule for `.eps' on input line 4
85.
)
\c@lstlisting=\count276
\AtBeginShipoutBox=\box53

(C:\Users\shaun\AppData\Local\Programs\MiKTeX\tex/latex/pdflscape\pdflscape.sty
Package: pdflscape 2019/12/05 v0.12 Display of landscape pages in PDF (HO)
(C:\Users\shaun\AppData\Local\Programs\MiKTeX\tex/latex/graphics\lscape.sty
Package: lscape 2000/10/22 v3.01 Landscape Pages (DPC)
)
Package pdflscape Info: Auto-detected driver: pdftex on input line 81.
)
[1

{C:/Users/shaun/AppData/Local/MiKTeX/pdftex/config/pdftex.map}]
Underfull \hbox (badness 10000) in paragraph at lines 26--28

 []

<Q1.png, id=7, 418.56375pt x 243.40938pt>
File: Q1.png Graphic file (type png)
<use Q1.png>
Package pdftex.def Info: Q1.png  used on input line 31.
(pdftex.def)             Requested size: 418.56271pt x 243.40877pt.

Overfull \hbox (28.56271pt too wide) in paragraph at lines 31--32
 [][] 
 []

[1 <./Q1.png>] [2] [3]
<firstweird config.png, id=26, 513.41812pt x 492.33937pt>
File: firstweird config.png Graphic file (type png)
<use firstweird config.png>
Package pdftex.def Info: firstweird config.png  used on input line 148.
(pdftex.def)             Requested size: 256.70842pt x 246.16907pt.


LaTeX Warning: `h' float specifier changed to `ht'.

[4]
<entering the joint limits of every joint.png, id=31, 519.44063pt x 593.21625pt
>
File: entering the joint limits of every joint.png Graphic file (type png)
<use entering the joint limits of every joint.png>
Package pdftex.def Info: entering the joint limits of every joint.png  used on 
input line 158.
(pdftex.def)             Requested size: 259.71968pt x 296.60739pt.


LaTeX Warning: `h' float specifier changed to `ht'.

[5 <./firstweird config.png>]
<interesting q case.png, id=36, 521.69907pt x 835.62187pt>
File: interesting q case.png Graphic file (type png)
<use interesting q case.png>
Package pdftex.def Info: interesting q case.png  used on input line 168.
(pdftex.def)             Requested size: 208.67592pt x 334.24283pt.


LaTeX Warning: `!h' float specifier changed to `!ht'.

[6 <./entering the joint limits of every joint.png>]
<inverted z axis .png, id=42, 521.69907pt x 604.50844pt>
File: inverted z axis .png Graphic file (type png)
<use inverted z axis .png>
Package pdftex.def Info: inverted z axis .png  used on input line 179.
(pdftex.def)             Requested size: 260.84889pt x 302.25348pt.


LaTeX Warning: `!h' float specifier changed to `!ht'.

[7 <./interesting q case.png>]
<straight up.png, id=47, 475.7775pt x 496.85625pt>
File: straight up.png Graphic file (type png)
<use straight up.png>
Package pdftex.def Info: straight up.png  used on input line 189.
(pdftex.def)             Requested size: 237.88815pt x 248.4275pt.


LaTeX Warning: `!h' float specifier changed to `!ht'.

[8 <./inverted z axis .png>]
<ComputedWorkspace.png, id=52, 396.7322pt x 313.9228pt>
File: ComputedWorkspace.png Graphic file (type png)
<use ComputedWorkspace.png>
Package pdftex.def Info: ComputedWorkspace.png  used on input line 197.
(pdftex.def)             Requested size: 198.3656pt x 156.96101pt.


LaTeX Warning: `!h' float specifier changed to `!ht'.

[9 <./straight up.png>]
Underfull \hbox (badness 10000) in paragraph at lines 201--202

 []


Underfull \hbox (badness 10000) in paragraph at lines 201--202

 []

(24Prob5output.m [10 <./ComputedWorkspace.png>]) [11]
<ImageOfRobotZeroConfig.png, id=65, 115.93312pt x 77.53969pt>
File: ImageOfRobotZeroConfig.png Graphic file (type png)
<use ImageOfRobotZeroConfig.png>
Package pdftex.def Info: ImageOfRobotZeroConfig.png  used on input line 216.
(pdftex.def)             Requested size: 231.86566pt x 155.07895pt.

Underfull \hbox (badness 10000) in paragraph at lines 214--221

 []


Underfull \hbox (badness 10000) in paragraph at lines 227--230

 []

[12 <./ImageOfRobotZeroConfig.png>] [13]

Package pdfpages Warning: Option `page' is unknow to \includepdf.
(pdfpages)                Did you mean `pages'? (Note the `s'!)
(pdfpages)                OK, I'll proceed as if it were `pages'.

<Jupnotebook.pdf, id=74, 614.295pt x 794.97pt>
File: Jupnotebook.pdf Graphic file (type pdf)
<use Jupnotebook.pdf>
Package pdftex.def Info: Jupnotebook.pdf  used on input line 248.
(pdftex.def)             Requested size: 614.29349pt x 794.96806pt.
File: Jupnotebook.pdf Graphic file (type pdf)
<use Jupnotebook.pdf>
Package pdftex.def Info: Jupnotebook.pdf  used on input line 248.
(pdftex.def)             Requested size: 614.29349pt x 794.96806pt.
<Jupnotebook.pdf, id=77, page=1, 614.295pt x 794.97pt>
File: Jupnotebook.pdf Graphic file (type pdf)
<use Jupnotebook.pdf, page 1>
Package pdftex.def Info: Jupnotebook.pdf , page1 used on input line 248.
(pdftex.def)             Requested size: 614.29349pt x 794.96806pt.
File: Jupnotebook.pdf Graphic file (type pdf)
<use Jupnotebook.pdf, page 1>
Package pdftex.def Info: Jupnotebook.pdf , page1 used on input line 248.
(pdftex.def)             Requested size: 614.58406pt x 795.3441pt.
[14]
File: Jupnotebook.pdf Graphic file (type pdf)
<use Jupnotebook.pdf, page 1>
Package pdftex.def Info: Jupnotebook.pdf , page1 used on input line 248.
(pdftex.def)             Requested size: 614.58406pt x 795.3441pt.
File: Jupnotebook.pdf Graphic file (type pdf)
<use Jupnotebook.pdf, page 1>
Package pdftex.def Info: Jupnotebook.pdf , page1 used on input line 248.
(pdftex.def)             Requested size: 614.58406pt x 795.3441pt.
File: Jupnotebook.pdf Graphic file (type pdf)
<use Jupnotebook.pdf, page 1>
Package pdftex.def Info: Jupnotebook.pdf , page1 used on input line 248.
(pdftex.def)             Requested size: 614.58406pt x 795.3441pt.
 [15 <./Jupnotebook.pdf>]
<Jupnotebook.pdf, id=135, page=2, 614.295pt x 794.97pt>
File: Jupnotebook.pdf Graphic file (type pdf)
<use Jupnotebook.pdf, page 2>
Package pdftex.def Info: Jupnotebook.pdf , page2 used on input line 248.
(pdftex.def)             Requested size: 614.58406pt x 795.3441pt.
File: Jupnotebook.pdf Graphic file (type pdf)
<use Jupnotebook.pdf, page 2>
Package pdftex.def Info: Jupnotebook.pdf , page2 used on input line 248.
(pdftex.def)             Requested size: 614.58406pt x 795.3441pt.
File: Jupnotebook.pdf Graphic file (type pdf)
<use Jupnotebook.pdf, page 2>
Package pdftex.def Info: Jupnotebook.pdf , page2 used on input line 248.
(pdftex.def)             Requested size: 614.58406pt x 795.3441pt.
 [16 <./Jupnotebook.pdf>] (Lab1shaun.aux) ) 
Here is how much of TeX's memory you used:
 5241 strings out of 480790
 75074 string characters out of 2897301
 357520 words of memory out of 3000000
 21192 multiletter control sequences out of 15000+200000
 538333 words of font info for 45 fonts, out of 3000000 for 9000
 1141 hyphenation exceptions out of 8191
 40i,18n,56p,1203b,2037s stack positions out of 5000i,500n,10000p,200000b,50000s
<C:/Users/shaun/AppData/Local/Progra
ms/MiKTeX/fonts/type1/public/amsfonts/cm/cmbx12.pfb><C:/Users/shaun/AppData/Loc
al/Programs/MiKTeX/fonts/type1/public/amsfonts/cm/cmcsc10.pfb><C:/Users/shaun/A
ppData/Local/Programs/MiKTeX/fonts/type1/public/amsfonts/cm/cmex10.pfb><C:/User
s/shaun/AppData/Local/Programs/MiKTeX/fonts/type1/public/amsfonts/cm/cmmi12.pfb
><C:/Users/shaun/AppData/Local/Programs/MiKTeX/fonts/type1/public/amsfonts/cm/c
mmi6.pfb><C:/Users/shaun/AppData/Local/Programs/MiKTeX/fonts/type1/public/amsfo
nts/cm/cmmi8.pfb><C:/Users/shaun/AppData/Local/Programs/MiKTeX/fonts/type1/publ
ic/amsfonts/cm/cmr12.pfb><C:/Users/shaun/AppData/Local/Programs/MiKTeX/fonts/ty
pe1/public/amsfonts/cm/cmr6.pfb><C:/Users/shaun/AppData/Local/Programs/MiKTeX/f
onts/type1/public/amsfonts/cm/cmr8.pfb><C:/Users/shaun/AppData/Local/Programs/M
iKTeX/fonts/type1/public/amsfonts/cm/cmsy10.pfb><C:/Users/shaun/AppData/Local/P
rograms/MiKTeX/fonts/type1/public/amsfonts/cm/cmsy8.pfb><C:/Users/shaun/AppData
/Local/Programs/MiKTeX/fonts/type1/public/amsfonts/cm/cmtt12.pfb>
Output written on Lab1shaun.pdf (17 pages, 458959 bytes).
PDF statistics:
 210 PDF objects out of 1000 (max. 8388607)
 0 named destinations out of 1000 (max. 500000)
 66 words of extra memory for PDF output out of 10000 (max. 10000000)

